2017-12-01 17:44:45.0115||Chatbot102.MessagesController|INFO|  {
  "id": "fi2c8kadk29",
  "type": "message",
  "textFormat": "plain",
  "serviceUrl": "http://localhost:46322",
  "channelId": "emulator",
  "locale": "en-GB",
  "fromChannelAccountId": "default-user",
  "fromChannelAccountName": "User",
  "recipientChannelAccountId": "6fai15e66akm2an99",
  "recipientChannelAccountName": "Bot",
  "conversationId": "2d7b3djmene7e",
  "text": "test"
} |url: http://localhost/api/messages|action: 
2017-12-01 18:04:13.9742||Chatbot102.MessagesController|INFO|  {
  "id": "jhc800jen7",
  "type": "message",
  "textFormat": "plain",
  "serviceUrl": "http://localhost:46322",
  "channelId": "emulator",
  "locale": "en-GB",
  "fromChannelAccountId": "default-user",
  "fromChannelAccountName": "User",
  "recipientChannelAccountId": "6fai15e66akm2an99",
  "recipientChannelAccountName": "Bot",
  "conversationId": "2d7b3djmene7e",
  "text": "hello"
} |url: http://localhost/api/messages|action: 
2017-12-01 18:04:19.3322||Chatbot102.MessagesController|INFO|  {
  "id": "622c83fl487g",
  "type": "conversationUpdate",
  "serviceUrl": "http://localhost:46322",
  "channelId": "emulator",
  "fromChannelAccountId": "default-user",
  "fromChannelAccountName": "User",
  "recipientChannelAccountId": "6fai15e66akm2an99",
  "recipientChannelAccountName": "Bot",
  "conversationId": "ec64969fflc4"
} |url: http://localhost/api/messages|action: 
2017-12-01 18:04:19.3322||Chatbot102.MessagesController|INFO|  {
  "id": "55l3fb4g3af5",
  "type": "conversationUpdate",
  "serviceUrl": "http://localhost:46322",
  "channelId": "emulator",
  "fromChannelAccountId": "default-user",
  "fromChannelAccountName": "User",
  "recipientChannelAccountId": "6fai15e66akm2an99",
  "recipientChannelAccountName": "Bot",
  "conversationId": "ec64969fflc4"
} |url: http://localhost/api/messages|action: 
2017-12-01 18:04:24.4459||Chatbot102.MessagesController|INFO|  {
  "id": "4851idkd471i",
  "type": "message",
  "textFormat": "plain",
  "serviceUrl": "http://localhost:46322",
  "channelId": "emulator",
  "locale": "en-GB",
  "fromChannelAccountId": "default-user",
  "fromChannelAccountName": "User",
  "recipientChannelAccountId": "6fai15e66akm2an99",
  "recipientChannelAccountName": "Bot",
  "conversationId": "ec64969fflc4",
  "text": "hello"
} |url: http://localhost/api/messages|action: 
2017-12-01 18:04:31.0410||Chatbot102.MessagesController|INFO|  {
  "id": "0l8in8ieh4b85",
  "type": "message",
  "textFormat": "plain",
  "serviceUrl": "http://localhost:46322",
  "channelId": "emulator",
  "locale": "en-GB",
  "fromChannelAccountId": "default-user",
  "fromChannelAccountName": "User",
  "recipientChannelAccountId": "6fai15e66akm2an99",
  "recipientChannelAccountName": "Bot",
  "conversationId": "ec64969fflc4",
  "text": "how do you do?"
} |url: http://localhost/api/messages|action: 
2017-12-01 18:04:33.8851||Chatbot102.MessagesController|INFO|  {
  "id": "bdn2kmc2cmmh",
  "type": "message",
  "textFormat": "plain",
  "serviceUrl": "http://localhost:46322",
  "channelId": "emulator",
  "locale": "en-GB",
  "fromChannelAccountId": "default-user",
  "fromChannelAccountName": "User",
  "recipientChannelAccountId": "6fai15e66akm2an99",
  "recipientChannelAccountName": "Bot",
  "conversationId": "ec64969fflc4",
  "text": "bye"
} |url: http://localhost/api/messages|action: 
2017-12-01 18:04:37.8470||Chatbot102.MessagesController|INFO|  {
  "id": "nh4359ejcal9",
  "type": "message",
  "textFormat": "plain",
  "serviceUrl": "http://localhost:46322",
  "channelId": "emulator",
  "locale": "en-GB",
  "fromChannelAccountId": "default-user",
  "fromChannelAccountName": "User",
  "recipientChannelAccountId": "6fai15e66akm2an99",
  "recipientChannelAccountName": "Bot",
  "conversationId": "ec64969fflc4",
  "text": "smile"
} |url: http://localhost/api/messages|action: 
2017-12-01 18:04:39.8936||Chatbot102.MessagesController|INFO|  {
  "id": "b73acdm5f2j3",
  "type": "message",
  "textFormat": "plain",
  "serviceUrl": "http://localhost:46322",
  "channelId": "emulator",
  "locale": "en-GB",
  "fromChannelAccountId": "default-user",
  "fromChannelAccountName": "User",
  "recipientChannelAccountId": "6fai15e66akm2an99",
  "recipientChannelAccountName": "Bot",
  "conversationId": "ec64969fflc4",
  "text": "happy"
} |url: http://localhost/api/messages|action: 
2017-12-01 18:04:44.8014||Chatbot102.MessagesController|INFO|  {
  "id": "721n5c3lhhc6",
  "type": "conversationUpdate",
  "serviceUrl": "http://localhost:46322",
  "channelId": "emulator",
  "fromChannelAccountId": "default-user",
  "fromChannelAccountName": "User",
  "recipientChannelAccountId": "6fai15e66akm2an99",
  "recipientChannelAccountName": "Bot",
  "conversationId": "e4nm3e09216"
} |url: http://localhost/api/messages|action: 
2017-12-01 18:04:44.8014||Chatbot102.MessagesController|INFO|  {
  "id": "g12nmcel97ba",
  "type": "conversationUpdate",
  "serviceUrl": "http://localhost:46322",
  "channelId": "emulator",
  "fromChannelAccountId": "default-user",
  "fromChannelAccountName": "User",
  "recipientChannelAccountId": "6fai15e66akm2an99",
  "recipientChannelAccountName": "Bot",
  "conversationId": "e4nm3e09216"
} |url: http://localhost/api/messages|action: 
2017-12-01 18:05:33.3460||Chatbot102.MessagesController|INFO|  {
  "id": "ge2c4g3c999b",
  "type": "message",
  "textFormat": "plain",
  "serviceUrl": "http://localhost:46322",
  "channelId": "emulator",
  "locale": "en-GB",
  "fromChannelAccountId": "default-user",
  "fromChannelAccountName": "User",
  "recipientChannelAccountId": "6fai15e66akm2an99",
  "recipientChannelAccountName": "Bot",
  "conversationId": "e4nm3e09216",
  "text": "hello"
} |url: http://localhost/api/messages|action: 
2017-12-01 18:05:48.3944||Chatbot102.MessagesController|INFO|  {
  "id": "a6knjm64ieal",
  "type": "message",
  "textFormat": "plain",
  "serviceUrl": "http://localhost:46322",
  "channelId": "emulator",
  "locale": "en-GB",
  "fromChannelAccountId": "default-user",
  "fromChannelAccountName": "User",
  "recipientChannelAccountId": "6fai15e66akm2an99",
  "recipientChannelAccountName": "Bot",
  "conversationId": "e4nm3e09216",
  "text": "who are you?"
} |url: http://localhost/api/messages|action: 
2017-12-01 18:05:59.0585||Chatbot102.MessagesController|INFO|  {
  "id": "9f6caa2l3j26",
  "type": "message",
  "textFormat": "plain",
  "serviceUrl": "http://localhost:46322",
  "channelId": "emulator",
  "locale": "en-GB",
  "fromChannelAccountId": "default-user",
  "fromChannelAccountName": "User",
  "recipientChannelAccountId": "6fai15e66akm2an99",
  "recipientChannelAccountName": "Bot",
  "conversationId": "e4nm3e09216",
  "text": "are you happy?"
} |url: http://localhost/api/messages|action: 
2017-12-01 18:06:01.9817||Chatbot102.MessagesController|INFO|  {
  "id": "8kbbj3fj95l",
  "type": "message",
  "textFormat": "plain",
  "serviceUrl": "http://localhost:46322",
  "channelId": "emulator",
  "locale": "en-GB",
  "fromChannelAccountId": "default-user",
  "fromChannelAccountName": "User",
  "recipientChannelAccountId": "6fai15e66akm2an99",
  "recipientChannelAccountName": "Bot",
  "conversationId": "e4nm3e09216",
  "text": "bye"
} |url: http://localhost/api/messages|action: 
2017-12-01 18:47:51.4685||Chatbot102.MessagesController|INFO|  {
  "id": "hkcj57m81kjj",
  "type": "conversationUpdate",
  "serviceUrl": "http://localhost:46322",
  "channelId": "emulator",
  "fromChannelAccountId": "default-user",
  "fromChannelAccountName": "User",
  "recipientChannelAccountId": "6fai15e66akm2an99",
  "recipientChannelAccountName": "Bot",
  "conversationId": "2d2macfm27kg"
} |url: http://localhost/api/messages|action: 
2017-12-01 18:47:51.4685||Chatbot102.MessagesController|INFO|  {
  "id": "3856l9h87edi",
  "type": "conversationUpdate",
  "serviceUrl": "http://localhost:46322",
  "channelId": "emulator",
  "fromChannelAccountId": "default-user",
  "fromChannelAccountName": "User",
  "recipientChannelAccountId": "6fai15e66akm2an99",
  "recipientChannelAccountName": "Bot",
  "conversationId": "2d2macfm27kg"
} |url: http://localhost/api/messages|action: 
2017-12-01 18:48:08.1342||Chatbot102.MessagesController|INFO|  {
  "id": "khjeimfb1l8e",
  "type": "message",
  "textFormat": "plain",
  "serviceUrl": "http://localhost:46322",
  "channelId": "emulator",
  "locale": "en-GB",
  "fromChannelAccountId": "default-user",
  "fromChannelAccountName": "User",
  "recipientChannelAccountId": "6fai15e66akm2an99",
  "recipientChannelAccountName": "Bot",
  "conversationId": "2d2macfm27kg",
  "text": "hello"
} |url: http://localhost/api/messages|action: 
2017-12-01 18:48:10.7841||Chatbot102.MessagesController|INFO|  {
  "id": "8a46kf76na57",
  "type": "message",
  "textFormat": "plain",
  "serviceUrl": "http://localhost:46322",
  "channelId": "emulator",
  "locale": "en-GB",
  "fromChannelAccountId": "default-user",
  "fromChannelAccountName": "User",
  "recipientChannelAccountId": "6fai15e66akm2an99",
  "recipientChannelAccountName": "Bot",
  "conversationId": "2d2macfm27kg",
  "text": "game"
} |url: http://localhost/api/messages|action: 
2017-12-01 18:51:27.3239||Chatbot102.MessagesController|INFO|  {
  "id": "0lch6d3ik4iak",
  "type": "conversationUpdate",
  "serviceUrl": "http://localhost:46322",
  "channelId": "emulator",
  "fromChannelAccountId": "default-user",
  "fromChannelAccountName": "User",
  "recipientChannelAccountId": "6fai15e66akm2an99",
  "recipientChannelAccountName": "Bot",
  "conversationId": "ni7mg2011h6l"
} |url: http://localhost/api/messages|action: 
2017-12-01 18:51:27.3239||Chatbot102.MessagesController|INFO|  {
  "id": "29l8a2lb2f58d",
  "type": "conversationUpdate",
  "serviceUrl": "http://localhost:46322",
  "channelId": "emulator",
  "fromChannelAccountId": "default-user",
  "fromChannelAccountName": "User",
  "recipientChannelAccountId": "6fai15e66akm2an99",
  "recipientChannelAccountName": "Bot",
  "conversationId": "ni7mg2011h6l"
} |url: http://localhost/api/messages|action: 
2017-12-01 18:51:28.3437||Chatbot102.MessagesController|INFO|  {
  "id": "06c99kb8l3fjc",
  "type": "message",
  "textFormat": "plain",
  "serviceUrl": "http://localhost:46322",
  "channelId": "emulator",
  "locale": "en-GB",
  "fromChannelAccountId": "default-user",
  "fromChannelAccountName": "User",
  "recipientChannelAccountId": "6fai15e66akm2an99",
  "recipientChannelAccountName": "Bot",
  "conversationId": "ni7mg2011h6l",
  "text": "hello"
} |url: http://localhost/api/messages|action: 
2017-12-01 18:55:08.7698||Chatbot102.MessagesController|INFO|  {
  "id": "cgajbcn8aj16",
  "type": "conversationUpdate",
  "serviceUrl": "http://localhost:46322",
  "channelId": "emulator",
  "fromChannelAccountId": "default-user",
  "fromChannelAccountName": "User",
  "recipientChannelAccountId": "6fai15e66akm2an99",
  "recipientChannelAccountName": "Bot",
  "conversationId": "2jkdee68305cg"
} |url: http://localhost/api/messages|action: 
2017-12-01 18:55:08.7698||Chatbot102.MessagesController|INFO|  {
  "id": "7aambe8ibd9k",
  "type": "conversationUpdate",
  "serviceUrl": "http://localhost:46322",
  "channelId": "emulator",
  "fromChannelAccountId": "default-user",
  "fromChannelAccountName": "User",
  "recipientChannelAccountId": "6fai15e66akm2an99",
  "recipientChannelAccountName": "Bot",
  "conversationId": "2jkdee68305cg"
} |url: http://localhost/api/messages|action: 
2017-12-01 18:55:08.7698||Chatbot102.MessagesController|INFO|  {
  "id": "bd2gjfe6g8db",
  "type": "message",
  "textFormat": "plain",
  "serviceUrl": "http://localhost:46322",
  "channelId": "emulator",
  "locale": "en-GB",
  "fromChannelAccountId": "default-user",
  "fromChannelAccountName": "User",
  "recipientChannelAccountId": "6fai15e66akm2an99",
  "recipientChannelAccountName": "Bot",
  "conversationId": "2jkdee68305cg",
  "text": "hello"
} |url: http://localhost/api/messages|action: 
2017-12-01 18:55:11.7081||Chatbot102.MessagesController|INFO|  {
  "id": "glg863fja8lc",
  "type": "message",
  "textFormat": "plain",
  "serviceUrl": "http://localhost:46322",
  "channelId": "emulator",
  "locale": "en-GB",
  "fromChannelAccountId": "default-user",
  "fromChannelAccountName": "User",
  "recipientChannelAccountId": "6fai15e66akm2an99",
  "recipientChannelAccountName": "Bot",
  "conversationId": "2jkdee68305cg",
  "text": "game"
} |url: http://localhost/api/messages|action: 
2017-12-01 18:55:15.7440||Chatbot102.MessagesController|INFO|  {
  "id": "72c3i8hg9nni",
  "type": "message",
  "textFormat": "plain",
  "serviceUrl": "http://localhost:46322",
  "channelId": "emulator",
  "locale": "en-GB",
  "fromChannelAccountId": "default-user",
  "fromChannelAccountName": "User",
  "recipientChannelAccountId": "6fai15e66akm2an99",
  "recipientChannelAccountName": "Bot",
  "conversationId": "2jkdee68305cg",
  "text": "NO"
} |url: http://localhost/api/messages|action: 
2017-12-01 18:56:23.4244||Chatbot102.MessagesController|INFO|  {
  "id": "24hh34mfl624",
  "type": "message",
  "textFormat": "plain",
  "serviceUrl": "http://localhost:46322",
  "channelId": "emulator",
  "locale": "en-GB",
  "fromChannelAccountId": "default-user",
  "fromChannelAccountName": "User",
  "recipientChannelAccountId": "6fai15e66akm2an99",
  "recipientChannelAccountName": "Bot",
  "conversationId": "n91e9n5cb1b3",
  "text": "game"
} |url: http://localhost/api/messages|action: 
2017-12-01 18:56:23.4244||Chatbot102.MessagesController|INFO|  {
  "id": "31kdilkigcg",
  "type": "conversationUpdate",
  "serviceUrl": "http://localhost:46322",
  "channelId": "emulator",
  "fromChannelAccountId": "default-user",
  "fromChannelAccountName": "User",
  "recipientChannelAccountId": "6fai15e66akm2an99",
  "recipientChannelAccountName": "Bot",
  "conversationId": "n91e9n5cb1b3"
} |url: http://localhost/api/messages|action: 
2017-12-01 18:56:23.4244||Chatbot102.MessagesController|INFO|  {
  "id": "2hbblml0ki6ei",
  "type": "conversationUpdate",
  "serviceUrl": "http://localhost:46322",
  "channelId": "emulator",
  "fromChannelAccountId": "default-user",
  "fromChannelAccountName": "User",
  "recipientChannelAccountId": "6fai15e66akm2an99",
  "recipientChannelAccountName": "Bot",
  "conversationId": "n91e9n5cb1b3"
} |url: http://localhost/api/messages|action: 
2017-12-01 18:56:26.0213||Chatbot102.MessagesController|INFO|  {
  "id": "97ccejidk0gd",
  "type": "message",
  "textFormat": "plain",
  "serviceUrl": "http://localhost:46322",
  "channelId": "emulator",
  "locale": "en-GB",
  "fromChannelAccountId": "default-user",
  "fromChannelAccountName": "User",
  "recipientChannelAccountId": "6fai15e66akm2an99",
  "recipientChannelAccountName": "Bot",
  "conversationId": "n91e9n5cb1b3",
  "text": "NO"
} |url: http://localhost/api/messages|action: 
2017-12-01 18:56:31.0969||Chatbot102.MessagesController|INFO|  {
  "id": "n3cinm7kl2g3",
  "type": "message",
  "textFormat": "plain",
  "serviceUrl": "http://localhost:46322",
  "channelId": "emulator",
  "locale": "en-GB",
  "fromChannelAccountId": "default-user",
  "fromChannelAccountName": "User",
  "recipientChannelAccountId": "6fai15e66akm2an99",
  "recipientChannelAccountName": "Bot",
  "conversationId": "n91e9n5cb1b3",
  "text": "game"
} |url: http://localhost/api/messages|action: 
2017-12-01 18:56:33.4676||Chatbot102.MessagesController|INFO|  {
  "id": "kd1647in11kl",
  "type": "message",
  "textFormat": "plain",
  "serviceUrl": "http://localhost:46322",
  "channelId": "emulator",
  "locale": "en-GB",
  "fromChannelAccountId": "default-user",
  "fromChannelAccountName": "User",
  "recipientChannelAccountId": "6fai15e66akm2an99",
  "recipientChannelAccountName": "Bot",
  "conversationId": "n91e9n5cb1b3",
  "text": "YES"
} |url: http://localhost/api/messages|action: 
2017-12-01 18:56:35.9214||Chatbot102.MessagesController|INFO|  {
  "id": "b726e7fdela6",
  "type": "message",
  "textFormat": "plain",
  "serviceUrl": "http://localhost:46322",
  "channelId": "emulator",
  "locale": "en-GB",
  "fromChannelAccountId": "default-user",
  "fromChannelAccountName": "User",
  "recipientChannelAccountId": "6fai15e66akm2an99",
  "recipientChannelAccountName": "Bot",
  "conversationId": "n91e9n5cb1b3",
  "text": "SCISSORS"
} |url: http://localhost/api/messages|action: 
2017-12-01 20:28:49.3290||Chatbot102.MessagesController|INFO|  {
  "id": "ie3gkgn6ek7a",
  "type": "conversationUpdate",
  "serviceUrl": "http://localhost:4293",
  "channelId": "emulator",
  "fromChannelAccountId": "default-user",
  "fromChannelAccountName": "User",
  "recipientChannelAccountId": "6fai15e66akm2an99",
  "recipientChannelAccountName": "Bot",
  "conversationId": "754j5gh1aaek"
} |url: http://localhost/api/messages|action: 
2017-12-01 20:28:49.3290||Chatbot102.MessagesController|INFO|  {
  "id": "3njf3ib1fl15",
  "type": "conversationUpdate",
  "serviceUrl": "http://localhost:4293",
  "channelId": "emulator",
  "fromChannelAccountId": "default-user",
  "fromChannelAccountName": "User",
  "recipientChannelAccountId": "6fai15e66akm2an99",
  "recipientChannelAccountName": "Bot",
  "conversationId": "754j5gh1aaek"
} |url: http://localhost/api/messages|action: 
2017-12-01 20:28:49.3290||Chatbot102.MessagesController|INFO|  {
  "id": "2f15330cfcb6",
  "type": "message",
  "textFormat": "plain",
  "serviceUrl": "http://localhost:4293",
  "channelId": "emulator",
  "locale": "en-GB",
  "fromChannelAccountId": "default-user",
  "fromChannelAccountName": "User",
  "recipientChannelAccountId": "6fai15e66akm2an99",
  "recipientChannelAccountName": "Bot",
  "conversationId": "754j5gh1aaek",
  "text": "hi"
} |url: http://localhost/api/messages|action: 
2017-12-01 20:29:37.5324||Chatbot102.MessagesController|INFO|  {
  "id": "le5he1ibn3fh",
  "type": "message",
  "textFormat": "plain",
  "serviceUrl": "http://localhost:4293",
  "channelId": "emulator",
  "locale": "en-GB",
  "fromChannelAccountId": "default-user",
  "fromChannelAccountName": "User",
  "recipientChannelAccountId": "6fai15e66akm2an99",
  "recipientChannelAccountName": "Bot",
  "conversationId": "754j5gh1aaek",
  "text": "Kevin"
} |url: http://localhost/api/messages|action: 
2017-12-01 20:29:43.1506||Chatbot102.MessagesController|INFO|  {
  "id": "lghccn0hkm0a",
  "type": "message",
  "textFormat": "plain",
  "serviceUrl": "http://localhost:4293",
  "channelId": "emulator",
  "locale": "en-GB",
  "fromChannelAccountId": "default-user",
  "fromChannelAccountName": "User",
  "recipientChannelAccountId": "6fai15e66akm2an99",
  "recipientChannelAccountName": "Bot",
  "conversationId": "754j5gh1aaek",
  "text": "kevin@123"
} |url: http://localhost/api/messages|action: 
2017-12-01 20:29:47.3002||Chatbot102.MessagesController|INFO|  {
  "id": "kbam28df192",
  "type": "message",
  "textFormat": "plain",
  "serviceUrl": "http://localhost:4293",
  "channelId": "emulator",
  "locale": "en-GB",
  "fromChannelAccountId": "default-user",
  "fromChannelAccountName": "User",
  "recipientChannelAccountId": "6fai15e66akm2an99",
  "recipientChannelAccountName": "Bot",
  "conversationId": "754j5gh1aaek",
  "text": "Annual Leave"
} |url: http://localhost/api/messages|action: 
2017-12-01 20:29:57.7211||Chatbot102.MessagesController|INFO|  {
  "id": "5fan7j91jaeh",
  "type": "message",
  "textFormat": "plain",
  "serviceUrl": "http://localhost:4293",
  "channelId": "emulator",
  "locale": "en-GB",
  "fromChannelAccountId": "default-user",
  "fromChannelAccountName": "User",
  "recipientChannelAccountId": "6fai15e66akm2an99",
  "recipientChannelAccountName": "Bot",
  "conversationId": "754j5gh1aaek",
  "text": "20 Jan 2018"
} |url: http://localhost/api/messages|action: 
2017-12-01 20:30:03.4126||Chatbot102.MessagesController|INFO|  {
  "id": "3a2k4c8glm34",
  "type": "message",
  "textFormat": "plain",
  "serviceUrl": "http://localhost:4293",
  "channelId": "emulator",
  "locale": "en-GB",
  "fromChannelAccountId": "default-user",
  "fromChannelAccountName": "User",
  "recipientChannelAccountId": "6fai15e66akm2an99",
  "recipientChannelAccountName": "Bot",
  "conversationId": "754j5gh1aaek",
  "text": "22 Jan 2018"
} |url: http://localhost/api/messages|action: 
2017-12-01 20:30:09.1174||Chatbot102.MessagesController|INFO|  {
  "id": "e0h1j9bcmlg7",
  "type": "message",
  "textFormat": "plain",
  "serviceUrl": "http://localhost:4293",
  "channelId": "emulator",
  "locale": "en-GB",
  "fromChannelAccountId": "default-user",
  "fromChannelAccountName": "User",
  "recipientChannelAccountId": "6fai15e66akm2an99",
  "recipientChannelAccountName": "Bot",
  "conversationId": "754j5gh1aaek",
  "text": "yes"
} |url: http://localhost/api/messages|action: 
2017-12-01 20:39:46.1061||Chatbot102.MessagesController|INFO|  {
  "id": "38105i2h34h6",
  "type": "conversationUpdate",
  "serviceUrl": "http://localhost:4293",
  "channelId": "emulator",
  "fromChannelAccountId": "default-user",
  "fromChannelAccountName": "User",
  "recipientChannelAccountId": "6fai15e66akm2an99",
  "recipientChannelAccountName": "Bot",
  "conversationId": "cij980ic271b"
} |url: http://localhost/api/messages|action: 
2017-12-01 20:39:46.1061||Chatbot102.MessagesController|INFO|  {
  "id": "a69042j4jf9a",
  "type": "message",
  "textFormat": "plain",
  "serviceUrl": "http://localhost:4293",
  "channelId": "emulator",
  "locale": "en-GB",
  "fromChannelAccountId": "default-user",
  "fromChannelAccountName": "User",
  "recipientChannelAccountId": "6fai15e66akm2an99",
  "recipientChannelAccountName": "Bot",
  "conversationId": "cij980ic271b",
  "text": "hi"
} |url: http://localhost/api/messages|action: 
2017-12-01 20:39:46.1061||Chatbot102.MessagesController|INFO|  {
  "id": "ek8nkhij302",
  "type": "conversationUpdate",
  "serviceUrl": "http://localhost:4293",
  "channelId": "emulator",
  "fromChannelAccountId": "default-user",
  "fromChannelAccountName": "User",
  "recipientChannelAccountId": "6fai15e66akm2an99",
  "recipientChannelAccountName": "Bot",
  "conversationId": "cij980ic271b"
} |url: http://localhost/api/messages|action: 
2017-12-01 20:39:49.9008||Chatbot102.MessagesController|INFO|  {
  "id": "m6n0i241bl83",
  "type": "message",
  "textFormat": "plain",
  "serviceUrl": "http://localhost:4293",
  "channelId": "emulator",
  "locale": "en-GB",
  "fromChannelAccountId": "default-user",
  "fromChannelAccountName": "User",
  "recipientChannelAccountId": "6fai15e66akm2an99",
  "recipientChannelAccountName": "Bot",
  "conversationId": "cij980ic271b",
  "text": "j"
} |url: http://localhost/api/messages|action: 
2017-12-01 20:39:51.2118||Chatbot102.MessagesController|INFO|  {
  "id": "j82jmildklh",
  "type": "message",
  "textFormat": "plain",
  "serviceUrl": "http://localhost:4293",
  "channelId": "emulator",
  "locale": "en-GB",
  "fromChannelAccountId": "default-user",
  "fromChannelAccountName": "User",
  "recipientChannelAccountId": "6fai15e66akm2an99",
  "recipientChannelAccountName": "Bot",
  "conversationId": "cij980ic271b",
  "text": "k"
} |url: http://localhost/api/messages|action: 
2017-12-01 20:39:54.1909||Chatbot102.MessagesController|INFO|  {
  "id": "i6c2nl2h20ll",
  "type": "message",
  "textFormat": "plain",
  "serviceUrl": "http://localhost:4293",
  "channelId": "emulator",
  "locale": "en-GB",
  "fromChannelAccountId": "default-user",
  "fromChannelAccountName": "User",
  "recipientChannelAccountId": "6fai15e66akm2an99",
  "recipientChannelAccountName": "Bot",
  "conversationId": "cij980ic271b",
  "text": "Annual Leave"
} |url: http://localhost/api/messages|action: 
2017-12-01 20:39:58.9584||Chatbot102.MessagesController|INFO|  {
  "id": "jeanjc2i51gj",
  "type": "message",
  "textFormat": "plain",
  "serviceUrl": "http://localhost:4293",
  "channelId": "emulator",
  "locale": "en-GB",
  "fromChannelAccountId": "default-user",
  "fromChannelAccountName": "User",
  "recipientChannelAccountId": "6fai15e66akm2an99",
  "recipientChannelAccountName": "Bot",
  "conversationId": "cij980ic271b",
  "text": "today"
} |url: http://localhost/api/messages|action: 
2017-12-01 20:40:03.9282||Chatbot102.MessagesController|INFO|  {
  "id": "d3i67il0jml5",
  "type": "message",
  "textFormat": "plain",
  "serviceUrl": "http://localhost:4293",
  "channelId": "emulator",
  "locale": "en-GB",
  "fromChannelAccountId": "default-user",
  "fromChannelAccountName": "User",
  "recipientChannelAccountId": "6fai15e66akm2an99",
  "recipientChannelAccountName": "Bot",
  "conversationId": "cij980ic271b",
  "text": "tomorrow"
} |url: http://localhost/api/messages|action: 
2017-12-01 20:41:13.6441||Chatbot102.MessagesController|INFO|  {
  "id": "i7bk525ndjc",
  "type": "message",
  "textFormat": "plain",
  "serviceUrl": "http://localhost:4293",
  "channelId": "emulator",
  "locale": "en-GB",
  "fromChannelAccountId": "default-user",
  "fromChannelAccountName": "User",
  "recipientChannelAccountId": "6fai15e66akm2an99",
  "recipientChannelAccountName": "Bot",
  "conversationId": "cij980ic271b",
  "text": "hi"
} |url: http://localhost/api/messages|action: 
2017-12-01 20:41:18.8558||Chatbot102.MessagesController|INFO|  {
  "id": "70ablbb8f682",
  "type": "message",
  "textFormat": "plain",
  "serviceUrl": "http://localhost:4293",
  "channelId": "emulator",
  "locale": "en-GB",
  "fromChannelAccountId": "default-user",
  "fromChannelAccountName": "User",
  "recipientChannelAccountId": "6fai15e66akm2an99",
  "recipientChannelAccountName": "Bot",
  "conversationId": "cij980ic271b",
  "text": "yes"
} |url: http://localhost/api/messages|action: 
2017-12-01 20:41:22.4254||Chatbot102.MessagesController|INFO|  {
  "id": "7k30c9m9lb8b",
  "type": "conversationUpdate",
  "serviceUrl": "http://localhost:4293",
  "channelId": "emulator",
  "fromChannelAccountId": "default-user",
  "fromChannelAccountName": "User",
  "recipientChannelAccountId": "6fai15e66akm2an99",
  "recipientChannelAccountName": "Bot",
  "conversationId": "kib60m6gnme"
} |url: http://localhost/api/messages|action: 
2017-12-01 20:41:22.4254||Chatbot102.MessagesController|INFO|  {
  "id": "fcjee18b999j",
  "type": "conversationUpdate",
  "serviceUrl": "http://localhost:4293",
  "channelId": "emulator",
  "fromChannelAccountId": "default-user",
  "fromChannelAccountName": "User",
  "recipientChannelAccountId": "6fai15e66akm2an99",
  "recipientChannelAccountName": "Bot",
  "conversationId": "kib60m6gnme"
} |url: http://localhost/api/messages|action: 
2017-12-01 20:41:25.1294||Chatbot102.MessagesController|INFO|  {
  "id": "2eg5an5l7bgj",
  "type": "message",
  "textFormat": "plain",
  "serviceUrl": "http://localhost:4293",
  "channelId": "emulator",
  "locale": "en-GB",
  "fromChannelAccountId": "default-user",
  "fromChannelAccountName": "User",
  "recipientChannelAccountId": "6fai15e66akm2an99",
  "recipientChannelAccountName": "Bot",
  "conversationId": "kib60m6gnme",
  "text": "hi"
} |url: http://localhost/api/messages|action: 
2017-12-01 20:41:27.5722||Chatbot102.MessagesController|INFO|  {
  "id": "bb6455meji93",
  "type": "message",
  "textFormat": "plain",
  "serviceUrl": "http://localhost:4293",
  "channelId": "emulator",
  "locale": "en-GB",
  "fromChannelAccountId": "default-user",
  "fromChannelAccountName": "User",
  "recipientChannelAccountId": "6fai15e66akm2an99",
  "recipientChannelAccountName": "Bot",
  "conversationId": "kib60m6gnme",
  "text": "j"
} |url: http://localhost/api/messages|action: 
2017-12-01 20:41:29.5616||Chatbot102.MessagesController|INFO|  {
  "id": "h78d46h2d3eg",
  "type": "message",
  "textFormat": "plain",
  "serviceUrl": "http://localhost:4293",
  "channelId": "emulator",
  "locale": "en-GB",
  "fromChannelAccountId": "default-user",
  "fromChannelAccountName": "User",
  "recipientChannelAccountId": "6fai15e66akm2an99",
  "recipientChannelAccountName": "Bot",
  "conversationId": "kib60m6gnme",
  "text": "k"
} |url: http://localhost/api/messages|action: 
2017-12-01 20:41:32.5160||Chatbot102.MessagesController|INFO|  {
  "id": "400n8c4mk4l1",
  "type": "message",
  "textFormat": "plain",
  "serviceUrl": "http://localhost:4293",
  "channelId": "emulator",
  "locale": "en-GB",
  "fromChannelAccountId": "default-user",
  "fromChannelAccountName": "User",
  "recipientChannelAccountId": "6fai15e66akm2an99",
  "recipientChannelAccountName": "Bot",
  "conversationId": "kib60m6gnme",
  "text": "help"
} |url: http://localhost/api/messages|action: 
2017-12-01 20:41:42.8381||Chatbot102.MessagesController|INFO|  {
  "id": "a2fah0jai7l4",
  "type": "message",
  "textFormat": "plain",
  "serviceUrl": "http://localhost:4293",
  "channelId": "emulator",
  "locale": "en-GB",
  "fromChannelAccountId": "default-user",
  "fromChannelAccountName": "User",
  "recipientChannelAccountId": "6fai15e66akm2an99",
  "recipientChannelAccountName": "Bot",
  "conversationId": "kib60m6gnme",
  "text": "navigation"
} |url: http://localhost/api/messages|action: 
2017-12-01 20:41:51.2918||Chatbot102.MessagesController|INFO|  {
  "id": "k63cmjidh23j",
  "type": "message",
  "textFormat": "plain",
  "serviceUrl": "http://localhost:4293",
  "channelId": "emulator",
  "locale": "en-GB",
  "fromChannelAccountId": "default-user",
  "fromChannelAccountName": "User",
  "recipientChannelAccountId": "6fai15e66akm2an99",
  "recipientChannelAccountName": "Bot",
  "conversationId": "kib60m6gnme",
  "text": "help navigation"
} |url: http://localhost/api/messages|action: 
2017-12-01 20:42:14.8704||Chatbot102.MessagesController|INFO|  {
  "id": "0696ih5m50n6m",
  "type": "message",
  "textFormat": "plain",
  "serviceUrl": "http://localhost:4293",
  "channelId": "emulator",
  "locale": "en-GB",
  "fromChannelAccountId": "default-user",
  "fromChannelAccountName": "User",
  "recipientChannelAccountId": "6fai15e66akm2an99",
  "recipientChannelAccountName": "Bot",
  "conversationId": "kib60m6gnme",
  "text": "Training Leave"
} |url: http://localhost/api/messages|action: 
2017-12-01 20:42:29.9534||Chatbot102.MessagesController|INFO|  {
  "id": "j6i32c6m97id",
  "type": "message",
  "textFormat": "plain",
  "serviceUrl": "http://localhost:4293",
  "channelId": "emulator",
  "locale": "en-GB",
  "fromChannelAccountId": "default-user",
  "fromChannelAccountName": "User",
  "recipientChannelAccountId": "6fai15e66akm2an99",
  "recipientChannelAccountName": "Bot",
  "conversationId": "kib60m6gnme",
  "text": "20 jan 2018"
} |url: http://localhost/api/messages|action: 
2017-12-01 20:42:34.9325||Chatbot102.MessagesController|INFO|  {
  "id": "mdbn2ij445g5",
  "type": "message",
  "textFormat": "plain",
  "serviceUrl": "http://localhost:4293",
  "channelId": "emulator",
  "locale": "en-GB",
  "fromChannelAccountId": "default-user",
  "fromChannelAccountName": "User",
  "recipientChannelAccountId": "6fai15e66akm2an99",
  "recipientChannelAccountName": "Bot",
  "conversationId": "kib60m6gnme",
  "text": "22 jan 2018"
} |url: http://localhost/api/messages|action: 
2017-12-01 20:42:38.0833||Chatbot102.MessagesController|INFO|  {
  "id": "49gi73fe3j09",
  "type": "message",
  "textFormat": "plain",
  "serviceUrl": "http://localhost:4293",
  "channelId": "emulator",
  "locale": "en-GB",
  "fromChannelAccountId": "default-user",
  "fromChannelAccountName": "User",
  "recipientChannelAccountId": "6fai15e66akm2an99",
  "recipientChannelAccountName": "Bot",
  "conversationId": "kib60m6gnme",
  "text": "yes"
} |url: http://localhost/api/messages|action: 
2017-12-01 20:42:52.8912||Chatbot102.MessagesController|INFO|  {
  "id": "618g0ggbaeim",
  "type": "conversationUpdate",
  "serviceUrl": "http://localhost:4293",
  "channelId": "emulator",
  "fromChannelAccountId": "default-user",
  "fromChannelAccountName": "User",
  "recipientChannelAccountId": "6fai15e66akm2an99",
  "recipientChannelAccountName": "Bot",
  "conversationId": "1876lchkc77c7"
} |url: http://localhost/api/messages|action: 
2017-12-01 20:42:52.8912||Chatbot102.MessagesController|INFO|  {
  "id": "k2mb34hg04b2",
  "type": "conversationUpdate",
  "serviceUrl": "http://localhost:4293",
  "channelId": "emulator",
  "fromChannelAccountId": "default-user",
  "fromChannelAccountName": "User",
  "recipientChannelAccountId": "6fai15e66akm2an99",
  "recipientChannelAccountName": "Bot",
  "conversationId": "1876lchkc77c7"
} |url: http://localhost/api/messages|action: 
2017-12-01 20:55:11.0853||Chatbot102.MessagesController|INFO|  {
  "id": "2h55hm47da5g",
  "type": "message",
  "textFormat": "plain",
  "serviceUrl": "http://localhost:4293",
  "channelId": "emulator",
  "locale": "en-GB",
  "fromChannelAccountId": "default-user",
  "fromChannelAccountName": "User",
  "recipientChannelAccountId": "6fai15e66akm2an99",
  "recipientChannelAccountName": "Bot",
  "conversationId": "1876lchkc77c7",
  "text": "hi"
} |url: http://localhost/api/messages|action: 
2017-12-01 20:55:14.4498||Chatbot102.MessagesController|INFO|  {
  "id": "9mb8d6jkdml6",
  "type": "message",
  "textFormat": "plain",
  "serviceUrl": "http://localhost:4293",
  "channelId": "emulator",
  "locale": "en-GB",
  "fromChannelAccountId": "default-user",
  "fromChannelAccountName": "User",
  "recipientChannelAccountId": "6fai15e66akm2an99",
  "recipientChannelAccountName": "Bot",
  "conversationId": "1876lchkc77c7",
  "text": "j"
} |url: http://localhost/api/messages|action: 
2017-12-01 20:55:16.9135||Chatbot102.MessagesController|INFO|  {
  "id": "b4nc770ife93",
  "type": "message",
  "textFormat": "plain",
  "serviceUrl": "http://localhost:4293",
  "channelId": "emulator",
  "locale": "en-GB",
  "fromChannelAccountId": "default-user",
  "fromChannelAccountName": "User",
  "recipientChannelAccountId": "6fai15e66akm2an99",
  "recipientChannelAccountName": "Bot",
  "conversationId": "1876lchkc77c7",
  "text": "k"
} |url: http://localhost/api/messages|action: 
2017-12-01 20:55:28.1325||Chatbot102.MessagesController|INFO|  {
  "id": "m8hd8h3c153",
  "type": "message",
  "textFormat": "plain",
  "serviceUrl": "http://localhost:4293",
  "channelId": "emulator",
  "locale": "en-GB",
  "fromChannelAccountId": "default-user",
  "fromChannelAccountName": "User",
  "recipientChannelAccountId": "6fai15e66akm2an99",
  "recipientChannelAccountName": "Bot",
  "conversationId": "1876lchkc77c7",
  "text": "k@email"
} |url: http://localhost/api/messages|action: 
2017-12-01 20:55:33.7231||Chatbot102.MessagesController|INFO|  {
  "id": "3n645le0cj5f",
  "type": "message",
  "textFormat": "plain",
  "serviceUrl": "http://localhost:4293",
  "channelId": "emulator",
  "locale": "en-GB",
  "fromChannelAccountId": "default-user",
  "fromChannelAccountName": "User",
  "recipientChannelAccountId": "6fai15e66akm2an99",
  "recipientChannelAccountName": "Bot",
  "conversationId": "1876lchkc77c7",
  "text": "k@email.com"
} |url: http://localhost/api/messages|action: 
2017-12-01 20:55:39.9671||Chatbot102.MessagesController|INFO|  {
  "id": "b4hj5ac43kdg",
  "type": "message",
  "textFormat": "plain",
  "serviceUrl": "http://localhost:4293",
  "channelId": "emulator",
  "locale": "en-GB",
  "fromChannelAccountId": "default-user",
  "fromChannelAccountName": "User",
  "recipientChannelAccountId": "6fai15e66akm2an99",
  "recipientChannelAccountName": "Bot",
  "conversationId": "1876lchkc77c7",
  "text": "back"
} |url: http://localhost/api/messages|action: 
2017-12-01 20:55:43.5717||Chatbot102.MessagesController|INFO|  {
  "id": "echnb95lek72",
  "type": "message",
  "textFormat": "plain",
  "serviceUrl": "http://localhost:4293",
  "channelId": "emulator",
  "locale": "en-GB",
  "fromChannelAccountId": "default-user",
  "fromChannelAccountName": "User",
  "recipientChannelAccountId": "6fai15e66akm2an99",
  "recipientChannelAccountName": "Bot",
  "conversationId": "1876lchkc77c7",
  "text": "next"
} |url: http://localhost/api/messages|action: 
2017-12-01 20:55:51.4239||Chatbot102.MessagesController|INFO|  {
  "id": "a5080b7fg1k9",
  "type": "message",
  "textFormat": "plain",
  "serviceUrl": "http://localhost:4293",
  "channelId": "emulator",
  "locale": "en-GB",
  "fromChannelAccountId": "default-user",
  "fromChannelAccountName": "User",
  "recipientChannelAccountId": "6fai15e66akm2an99",
  "recipientChannelAccountName": "Bot",
  "conversationId": "1876lchkc77c7",
  "text": "next"
} |url: http://localhost/api/messages|action: 
2017-12-01 20:55:56.7817||Chatbot102.MessagesController|INFO|  {
  "id": "98hd1i3h5hcf",
  "type": "message",
  "textFormat": "plain",
  "serviceUrl": "http://localhost:4293",
  "channelId": "emulator",
  "locale": "en-GB",
  "fromChannelAccountId": "default-user",
  "fromChannelAccountName": "User",
  "recipientChannelAccountId": "6fai15e66akm2an99",
  "recipientChannelAccountName": "Bot",
  "conversationId": "1876lchkc77c7",
  "text": "k@email.com"
} |url: http://localhost/api/messages|action: 
2017-12-01 20:56:00.6801||Chatbot102.MessagesController|INFO|  {
  "id": "7053l35d89lj",
  "type": "message",
  "textFormat": "plain",
  "serviceUrl": "http://localhost:4293",
  "channelId": "emulator",
  "locale": "en-GB",
  "fromChannelAccountId": "default-user",
  "fromChannelAccountName": "User",
  "recipientChannelAccountId": "6fai15e66akm2an99",
  "recipientChannelAccountName": "Bot",
  "conversationId": "1876lchkc77c7",
  "text": "Annual Leave"
} |url: http://localhost/api/messages|action: 
2017-12-01 20:56:06.3302||Chatbot102.MessagesController|INFO|  {
  "id": "jlfif52em6f8",
  "type": "message",
  "textFormat": "plain",
  "serviceUrl": "http://localhost:4293",
  "channelId": "emulator",
  "locale": "en-GB",
  "fromChannelAccountId": "default-user",
  "fromChannelAccountName": "User",
  "recipientChannelAccountId": "6fai15e66akm2an99",
  "recipientChannelAccountName": "Bot",
  "conversationId": "1876lchkc77c7",
  "text": "next"
} |url: http://localhost/api/messages|action: 
2017-12-01 20:56:12.0183||Chatbot102.MessagesController|INFO|  {
  "id": "ade4k7fncl92",
  "type": "message",
  "textFormat": "plain",
  "serviceUrl": "http://localhost:4293",
  "channelId": "emulator",
  "locale": "en-GB",
  "fromChannelAccountId": "default-user",
  "fromChannelAccountName": "User",
  "recipientChannelAccountId": "6fai15e66akm2an99",
  "recipientChannelAccountName": "Bot",
  "conversationId": "1876lchkc77c7",
  "text": "today"
} |url: http://localhost/api/messages|action: 
2017-12-01 20:56:16.6197||Chatbot102.MessagesController|INFO|  {
  "id": "nf85ak6nmc2h",
  "type": "message",
  "textFormat": "plain",
  "serviceUrl": "http://localhost:4293",
  "channelId": "emulator",
  "locale": "en-GB",
  "fromChannelAccountId": "default-user",
  "fromChannelAccountName": "User",
  "recipientChannelAccountId": "6fai15e66akm2an99",
  "recipientChannelAccountName": "Bot",
  "conversationId": "1876lchkc77c7",
  "text": "next week"
} |url: http://localhost/api/messages|action: 
2017-12-01 20:56:21.1459||Chatbot102.MessagesController|INFO|  {
  "id": "21lm6m897mcg",
  "type": "message",
  "textFormat": "plain",
  "serviceUrl": "http://localhost:4293",
  "channelId": "emulator",
  "locale": "en-GB",
  "fromChannelAccountId": "default-user",
  "fromChannelAccountName": "User",
  "recipientChannelAccountId": "6fai15e66akm2an99",
  "recipientChannelAccountName": "Bot",
  "conversationId": "1876lchkc77c7",
  "text": "next"
} |url: http://localhost/api/messages|action: 
2017-12-01 20:56:27.9906||Chatbot102.MessagesController|INFO|  {
  "id": "b11d50b3nm2c",
  "type": "message",
  "textFormat": "plain",
  "serviceUrl": "http://localhost:4293",
  "channelId": "emulator",
  "locale": "en-GB",
  "fromChannelAccountId": "default-user",
  "fromChannelAccountName": "User",
  "recipientChannelAccountId": "6fai15e66akm2an99",
  "recipientChannelAccountName": "Bot",
  "conversationId": "1876lchkc77c7",
  "text": "help"
} |url: http://localhost/api/messages|action: 
2017-12-01 20:56:43.9541||Chatbot102.MessagesController|INFO|  {
  "id": "83j3icb2dlcn",
  "type": "message",
  "textFormat": "plain",
  "serviceUrl": "http://localhost:4293",
  "channelId": "emulator",
  "locale": "en-GB",
  "fromChannelAccountId": "default-user",
  "fromChannelAccountName": "User",
  "recipientChannelAccountId": "6fai15e66akm2an99",
  "recipientChannelAccountName": "Bot",
  "conversationId": "1876lchkc77c7",
  "text": "1"
} |url: http://localhost/api/messages|action: 
2017-12-01 20:56:48.3140||Chatbot102.MessagesController|INFO|  {
  "id": "hl697e973a9",
  "type": "message",
  "textFormat": "plain",
  "serviceUrl": "http://localhost:4293",
  "channelId": "emulator",
  "locale": "en-GB",
  "fromChannelAccountId": "default-user",
  "fromChannelAccountName": "User",
  "recipientChannelAccountId": "6fai15e66akm2an99",
  "recipientChannelAccountName": "Bot",
  "conversationId": "1876lchkc77c7",
  "text": "no"
} |url: http://localhost/api/messages|action: 
2017-12-01 20:57:00.2041||Chatbot102.MessagesController|INFO|  {
  "id": "fjmajkcf81kf",
  "type": "message",
  "textFormat": "plain",
  "serviceUrl": "http://localhost:4293",
  "channelId": "emulator",
  "locale": "en-GB",
  "fromChannelAccountId": "default-user",
  "fromChannelAccountName": "User",
  "recipientChannelAccountId": "6fai15e66akm2an99",
  "recipientChannelAccountName": "Bot",
  "conversationId": "1876lchkc77c7",
  "text": "The leave ending date"
} |url: http://localhost/api/messages|action: 
2017-12-01 20:57:12.2367||Chatbot102.MessagesController|INFO|  {
  "id": "h594dlmfaalj",
  "type": "message",
  "textFormat": "plain",
  "serviceUrl": "http://localhost:4293",
  "channelId": "emulator",
  "locale": "en-GB",
  "fromChannelAccountId": "default-user",
  "fromChannelAccountName": "User",
  "recipientChannelAccountId": "6fai15e66akm2an99",
  "recipientChannelAccountName": "Bot",
  "conversationId": "1876lchkc77c7",
  "text": "4/12/2017"
} |url: http://localhost/api/messages|action: 
2017-12-01 20:57:15.7213||Chatbot102.MessagesController|INFO|  {
  "id": "cnbc143nle3",
  "type": "message",
  "textFormat": "plain",
  "serviceUrl": "http://localhost:4293",
  "channelId": "emulator",
  "locale": "en-GB",
  "fromChannelAccountId": "default-user",
  "fromChannelAccountName": "User",
  "recipientChannelAccountId": "6fai15e66akm2an99",
  "recipientChannelAccountName": "Bot",
  "conversationId": "1876lchkc77c7",
  "text": "yes"
} |url: http://localhost/api/messages|action: 
2017-12-01 20:57:28.1726||Chatbot102.MessagesController|INFO|  {
  "id": "570290de5c5",
  "type": "conversationUpdate",
  "serviceUrl": "http://localhost:4293",
  "channelId": "emulator",
  "fromChannelAccountId": "default-user",
  "fromChannelAccountName": "User",
  "recipientChannelAccountId": "6fai15e66akm2an99",
  "recipientChannelAccountName": "Bot",
  "conversationId": "kel27i0fn2a"
} |url: http://localhost/api/messages|action: 
2017-12-01 20:57:28.1726||Chatbot102.MessagesController|INFO|  {
  "id": "625cl1m5j4fd",
  "type": "conversationUpdate",
  "serviceUrl": "http://localhost:4293",
  "channelId": "emulator",
  "fromChannelAccountId": "default-user",
  "fromChannelAccountName": "User",
  "recipientChannelAccountId": "6fai15e66akm2an99",
  "recipientChannelAccountName": "Bot",
  "conversationId": "kel27i0fn2a"
} |url: http://localhost/api/messages|action: 
2017-12-01 21:33:59.7106||Chatbot102.MessagesController|INFO|  {
  "id": "ig433b9c4hjf",
  "type": "message",
  "textFormat": "plain",
  "serviceUrl": "http://localhost:4293",
  "channelId": "emulator",
  "locale": "en-GB",
  "fromChannelAccountId": "default-user",
  "fromChannelAccountName": "User",
  "recipientChannelAccountId": "6fai15e66akm2an99",
  "recipientChannelAccountName": "Bot",
  "conversationId": "kel27i0fn2a",
  "text": "hi"
} |url: http://localhost/api/messages|action: 
2017-12-01 21:34:04.9415||Chatbot102.MessagesController|INFO|  {
  "id": "g1llk40547md",
  "type": "message",
  "textFormat": "plain",
  "serviceUrl": "http://localhost:4293",
  "channelId": "emulator",
  "locale": "en-GB",
  "fromChannelAccountId": "default-user",
  "fromChannelAccountName": "User",
  "recipientChannelAccountId": "6fai15e66akm2an99",
  "recipientChannelAccountName": "Bot",
  "conversationId": "kel27i0fn2a",
  "text": "jack"
} |url: http://localhost/api/messages|action: 
2017-12-01 21:34:11.7166||Chatbot102.MessagesController|INFO|  {
  "id": "aml839bc4gh7",
  "type": "message",
  "textFormat": "plain",
  "serviceUrl": "http://localhost:4293",
  "channelId": "emulator",
  "locale": "en-GB",
  "fromChannelAccountId": "default-user",
  "fromChannelAccountName": "User",
  "recipientChannelAccountId": "6fai15e66akm2an99",
  "recipientChannelAccountName": "Bot",
  "conversationId": "kel27i0fn2a",
  "text": "jack@email.com"
} |url: http://localhost/api/messages|action: 
2017-12-01 21:34:15.7148||Chatbot102.MessagesController|INFO|  {
  "id": "k6nb0ifbnj1e",
  "type": "message",
  "textFormat": "plain",
  "serviceUrl": "http://localhost:4293",
  "channelId": "emulator",
  "locale": "en-GB",
  "fromChannelAccountId": "default-user",
  "fromChannelAccountName": "User",
  "recipientChannelAccountId": "6fai15e66akm2an99",
  "recipientChannelAccountName": "Bot",
  "conversationId": "kel27i0fn2a",
  "text": "Medical Leave"
} |url: http://localhost/api/messages|action: 
2017-12-01 21:34:22.8452||Chatbot102.MessagesController|INFO|  {
  "id": "l0d64la77l9k",
  "type": "message",
  "textFormat": "plain",
  "serviceUrl": "http://localhost:4293",
  "channelId": "emulator",
  "locale": "en-GB",
  "fromChannelAccountId": "default-user",
  "fromChannelAccountName": "User",
  "recipientChannelAccountId": "6fai15e66akm2an99",
  "recipientChannelAccountName": "Bot",
  "conversationId": "kel27i0fn2a",
  "text": "tomorrow"
} |url: http://localhost/api/messages|action: 
2017-12-01 21:34:30.4720||Chatbot102.MessagesController|INFO|  {
  "id": "hd24a14jhbbd",
  "type": "message",
  "textFormat": "plain",
  "serviceUrl": "http://localhost:4293",
  "channelId": "emulator",
  "locale": "en-GB",
  "fromChannelAccountId": "default-user",
  "fromChannelAccountName": "User",
  "recipientChannelAccountId": "6fai15e66akm2an99",
  "recipientChannelAccountName": "Bot",
  "conversationId": "kel27i0fn2a",
  "text": "next week wednesday"
} |url: http://localhost/api/messages|action: 
2017-12-01 21:34:34.2247||Chatbot102.MessagesController|INFO|  {
  "id": "2f5emf23hi0mg",
  "type": "message",
  "textFormat": "plain",
  "serviceUrl": "http://localhost:4293",
  "channelId": "emulator",
  "locale": "en-GB",
  "fromChannelAccountId": "default-user",
  "fromChannelAccountName": "User",
  "recipientChannelAccountId": "6fai15e66akm2an99",
  "recipientChannelAccountName": "Bot",
  "conversationId": "kel27i0fn2a",
  "text": "1"
} |url: http://localhost/api/messages|action: 
2017-12-01 21:34:38.7822||Chatbot102.MessagesController|INFO|  {
  "id": "e000aj1ade95",
  "type": "message",
  "textFormat": "plain",
  "serviceUrl": "http://localhost:4293",
  "channelId": "emulator",
  "locale": "en-GB",
  "fromChannelAccountId": "default-user",
  "fromChannelAccountName": "User",
  "recipientChannelAccountId": "6fai15e66akm2an99",
  "recipientChannelAccountName": "Bot",
  "conversationId": "kel27i0fn2a",
  "text": "yes"
} |url: http://localhost/api/messages|action: 
