2017-12-01 17:44:45.0115||Chatbot102.MessagesController|INFO|{
  "id": "fi2c8kadk29",
  "type": "message",
  "textFormat": "plain",
  "serviceUrl": "http://localhost:46322",
  "channelId": "emulator",
  "locale": "en-GB",
  "fromChannelAccountId": "default-user",
  "fromChannelAccountName": "User",
  "recipientChannelAccountId": "6fai15e66akm2an99",
  "recipientChannelAccountName": "Bot",
  "conversationId": "2d7b3djmene7e",
  "text": "test"
} 
2017-12-01 18:04:13.9742||Chatbot102.MessagesController|INFO|{
  "id": "jhc800jen7",
  "type": "message",
  "textFormat": "plain",
  "serviceUrl": "http://localhost:46322",
  "channelId": "emulator",
  "locale": "en-GB",
  "fromChannelAccountId": "default-user",
  "fromChannelAccountName": "User",
  "recipientChannelAccountId": "6fai15e66akm2an99",
  "recipientChannelAccountName": "Bot",
  "conversationId": "2d7b3djmene7e",
  "text": "hello"
} 
2017-12-01 18:04:19.3322||Chatbot102.MessagesController|INFO|{
  "id": "622c83fl487g",
  "type": "conversationUpdate",
  "serviceUrl": "http://localhost:46322",
  "channelId": "emulator",
  "fromChannelAccountId": "default-user",
  "fromChannelAccountName": "User",
  "recipientChannelAccountId": "6fai15e66akm2an99",
  "recipientChannelAccountName": "Bot",
  "conversationId": "ec64969fflc4"
} 
2017-12-01 18:04:19.3322||Chatbot102.MessagesController|INFO|{
  "id": "55l3fb4g3af5",
  "type": "conversationUpdate",
  "serviceUrl": "http://localhost:46322",
  "channelId": "emulator",
  "fromChannelAccountId": "default-user",
  "fromChannelAccountName": "User",
  "recipientChannelAccountId": "6fai15e66akm2an99",
  "recipientChannelAccountName": "Bot",
  "conversationId": "ec64969fflc4"
} 
2017-12-01 18:04:24.4459||Chatbot102.MessagesController|INFO|{
  "id": "4851idkd471i",
  "type": "message",
  "textFormat": "plain",
  "serviceUrl": "http://localhost:46322",
  "channelId": "emulator",
  "locale": "en-GB",
  "fromChannelAccountId": "default-user",
  "fromChannelAccountName": "User",
  "recipientChannelAccountId": "6fai15e66akm2an99",
  "recipientChannelAccountName": "Bot",
  "conversationId": "ec64969fflc4",
  "text": "hello"
} 
2017-12-01 18:04:31.0410||Chatbot102.MessagesController|INFO|{
  "id": "0l8in8ieh4b85",
  "type": "message",
  "textFormat": "plain",
  "serviceUrl": "http://localhost:46322",
  "channelId": "emulator",
  "locale": "en-GB",
  "fromChannelAccountId": "default-user",
  "fromChannelAccountName": "User",
  "recipientChannelAccountId": "6fai15e66akm2an99",
  "recipientChannelAccountName": "Bot",
  "conversationId": "ec64969fflc4",
  "text": "how do you do?"
} 
2017-12-01 18:04:33.8851||Chatbot102.MessagesController|INFO|{
  "id": "bdn2kmc2cmmh",
  "type": "message",
  "textFormat": "plain",
  "serviceUrl": "http://localhost:46322",
  "channelId": "emulator",
  "locale": "en-GB",
  "fromChannelAccountId": "default-user",
  "fromChannelAccountName": "User",
  "recipientChannelAccountId": "6fai15e66akm2an99",
  "recipientChannelAccountName": "Bot",
  "conversationId": "ec64969fflc4",
  "text": "bye"
} 
2017-12-01 18:04:37.8470||Chatbot102.MessagesController|INFO|{
  "id": "nh4359ejcal9",
  "type": "message",
  "textFormat": "plain",
  "serviceUrl": "http://localhost:46322",
  "channelId": "emulator",
  "locale": "en-GB",
  "fromChannelAccountId": "default-user",
  "fromChannelAccountName": "User",
  "recipientChannelAccountId": "6fai15e66akm2an99",
  "recipientChannelAccountName": "Bot",
  "conversationId": "ec64969fflc4",
  "text": "smile"
} 
2017-12-01 18:04:39.8936||Chatbot102.MessagesController|INFO|{
  "id": "b73acdm5f2j3",
  "type": "message",
  "textFormat": "plain",
  "serviceUrl": "http://localhost:46322",
  "channelId": "emulator",
  "locale": "en-GB",
  "fromChannelAccountId": "default-user",
  "fromChannelAccountName": "User",
  "recipientChannelAccountId": "6fai15e66akm2an99",
  "recipientChannelAccountName": "Bot",
  "conversationId": "ec64969fflc4",
  "text": "happy"
} 
2017-12-01 18:04:44.8014||Chatbot102.MessagesController|INFO|{
  "id": "721n5c3lhhc6",
  "type": "conversationUpdate",
  "serviceUrl": "http://localhost:46322",
  "channelId": "emulator",
  "fromChannelAccountId": "default-user",
  "fromChannelAccountName": "User",
  "recipientChannelAccountId": "6fai15e66akm2an99",
  "recipientChannelAccountName": "Bot",
  "conversationId": "e4nm3e09216"
} 
2017-12-01 18:04:44.8014||Chatbot102.MessagesController|INFO|{
  "id": "g12nmcel97ba",
  "type": "conversationUpdate",
  "serviceUrl": "http://localhost:46322",
  "channelId": "emulator",
  "fromChannelAccountId": "default-user",
  "fromChannelAccountName": "User",
  "recipientChannelAccountId": "6fai15e66akm2an99",
  "recipientChannelAccountName": "Bot",
  "conversationId": "e4nm3e09216"
} 
2017-12-01 18:05:33.3460||Chatbot102.MessagesController|INFO|{
  "id": "ge2c4g3c999b",
  "type": "message",
  "textFormat": "plain",
  "serviceUrl": "http://localhost:46322",
  "channelId": "emulator",
  "locale": "en-GB",
  "fromChannelAccountId": "default-user",
  "fromChannelAccountName": "User",
  "recipientChannelAccountId": "6fai15e66akm2an99",
  "recipientChannelAccountName": "Bot",
  "conversationId": "e4nm3e09216",
  "text": "hello"
} 
2017-12-01 18:05:48.3944||Chatbot102.MessagesController|INFO|{
  "id": "a6knjm64ieal",
  "type": "message",
  "textFormat": "plain",
  "serviceUrl": "http://localhost:46322",
  "channelId": "emulator",
  "locale": "en-GB",
  "fromChannelAccountId": "default-user",
  "fromChannelAccountName": "User",
  "recipientChannelAccountId": "6fai15e66akm2an99",
  "recipientChannelAccountName": "Bot",
  "conversationId": "e4nm3e09216",
  "text": "who are you?"
} 
2017-12-01 18:05:59.0585||Chatbot102.MessagesController|INFO|{
  "id": "9f6caa2l3j26",
  "type": "message",
  "textFormat": "plain",
  "serviceUrl": "http://localhost:46322",
  "channelId": "emulator",
  "locale": "en-GB",
  "fromChannelAccountId": "default-user",
  "fromChannelAccountName": "User",
  "recipientChannelAccountId": "6fai15e66akm2an99",
  "recipientChannelAccountName": "Bot",
  "conversationId": "e4nm3e09216",
  "text": "are you happy?"
} 
2017-12-01 18:06:01.9817||Chatbot102.MessagesController|INFO|{
  "id": "8kbbj3fj95l",
  "type": "message",
  "textFormat": "plain",
  "serviceUrl": "http://localhost:46322",
  "channelId": "emulator",
  "locale": "en-GB",
  "fromChannelAccountId": "default-user",
  "fromChannelAccountName": "User",
  "recipientChannelAccountId": "6fai15e66akm2an99",
  "recipientChannelAccountName": "Bot",
  "conversationId": "e4nm3e09216",
  "text": "bye"
} 
2017-12-01 18:47:51.4685||Chatbot102.MessagesController|INFO|{
  "id": "hkcj57m81kjj",
  "type": "conversationUpdate",
  "serviceUrl": "http://localhost:46322",
  "channelId": "emulator",
  "fromChannelAccountId": "default-user",
  "fromChannelAccountName": "User",
  "recipientChannelAccountId": "6fai15e66akm2an99",
  "recipientChannelAccountName": "Bot",
  "conversationId": "2d2macfm27kg"
} 
2017-12-01 18:47:51.4685||Chatbot102.MessagesController|INFO|{
  "id": "3856l9h87edi",
  "type": "conversationUpdate",
  "serviceUrl": "http://localhost:46322",
  "channelId": "emulator",
  "fromChannelAccountId": "default-user",
  "fromChannelAccountName": "User",
  "recipientChannelAccountId": "6fai15e66akm2an99",
  "recipientChannelAccountName": "Bot",
  "conversationId": "2d2macfm27kg"
} 
2017-12-01 18:48:08.1342||Chatbot102.MessagesController|INFO|{
  "id": "khjeimfb1l8e",
  "type": "message",
  "textFormat": "plain",
  "serviceUrl": "http://localhost:46322",
  "channelId": "emulator",
  "locale": "en-GB",
  "fromChannelAccountId": "default-user",
  "fromChannelAccountName": "User",
  "recipientChannelAccountId": "6fai15e66akm2an99",
  "recipientChannelAccountName": "Bot",
  "conversationId": "2d2macfm27kg",
  "text": "hello"
} 
2017-12-01 18:48:10.7841||Chatbot102.MessagesController|INFO|{
  "id": "8a46kf76na57",
  "type": "message",
  "textFormat": "plain",
  "serviceUrl": "http://localhost:46322",
  "channelId": "emulator",
  "locale": "en-GB",
  "fromChannelAccountId": "default-user",
  "fromChannelAccountName": "User",
  "recipientChannelAccountId": "6fai15e66akm2an99",
  "recipientChannelAccountName": "Bot",
  "conversationId": "2d2macfm27kg",
  "text": "game"
} 
2017-12-01 18:51:27.3239||Chatbot102.MessagesController|INFO|{
  "id": "0lch6d3ik4iak",
  "type": "conversationUpdate",
  "serviceUrl": "http://localhost:46322",
  "channelId": "emulator",
  "fromChannelAccountId": "default-user",
  "fromChannelAccountName": "User",
  "recipientChannelAccountId": "6fai15e66akm2an99",
  "recipientChannelAccountName": "Bot",
  "conversationId": "ni7mg2011h6l"
} 
2017-12-01 18:51:27.3239||Chatbot102.MessagesController|INFO|{
  "id": "29l8a2lb2f58d",
  "type": "conversationUpdate",
  "serviceUrl": "http://localhost:46322",
  "channelId": "emulator",
  "fromChannelAccountId": "default-user",
  "fromChannelAccountName": "User",
  "recipientChannelAccountId": "6fai15e66akm2an99",
  "recipientChannelAccountName": "Bot",
  "conversationId": "ni7mg2011h6l"
} 
2017-12-01 18:51:28.3437||Chatbot102.MessagesController|INFO|{
  "id": "06c99kb8l3fjc",
  "type": "message",
  "textFormat": "plain",
  "serviceUrl": "http://localhost:46322",
  "channelId": "emulator",
  "locale": "en-GB",
  "fromChannelAccountId": "default-user",
  "fromChannelAccountName": "User",
  "recipientChannelAccountId": "6fai15e66akm2an99",
  "recipientChannelAccountName": "Bot",
  "conversationId": "ni7mg2011h6l",
  "text": "hello"
} 
2017-12-01 18:55:08.7698||Chatbot102.MessagesController|INFO|{
  "id": "cgajbcn8aj16",
  "type": "conversationUpdate",
  "serviceUrl": "http://localhost:46322",
  "channelId": "emulator",
  "fromChannelAccountId": "default-user",
  "fromChannelAccountName": "User",
  "recipientChannelAccountId": "6fai15e66akm2an99",
  "recipientChannelAccountName": "Bot",
  "conversationId": "2jkdee68305cg"
} 
2017-12-01 18:55:08.7698||Chatbot102.MessagesController|INFO|{
  "id": "bd2gjfe6g8db",
  "type": "message",
  "textFormat": "plain",
  "serviceUrl": "http://localhost:46322",
  "channelId": "emulator",
  "locale": "en-GB",
  "fromChannelAccountId": "default-user",
  "fromChannelAccountName": "User",
  "recipientChannelAccountId": "6fai15e66akm2an99",
  "recipientChannelAccountName": "Bot",
  "conversationId": "2jkdee68305cg",
  "text": "hello"
} 
2017-12-01 18:55:08.7698||Chatbot102.MessagesController|INFO|{
  "id": "7aambe8ibd9k",
  "type": "conversationUpdate",
  "serviceUrl": "http://localhost:46322",
  "channelId": "emulator",
  "fromChannelAccountId": "default-user",
  "fromChannelAccountName": "User",
  "recipientChannelAccountId": "6fai15e66akm2an99",
  "recipientChannelAccountName": "Bot",
  "conversationId": "2jkdee68305cg"
} 
2017-12-01 18:55:11.7081||Chatbot102.MessagesController|INFO|{
  "id": "glg863fja8lc",
  "type": "message",
  "textFormat": "plain",
  "serviceUrl": "http://localhost:46322",
  "channelId": "emulator",
  "locale": "en-GB",
  "fromChannelAccountId": "default-user",
  "fromChannelAccountName": "User",
  "recipientChannelAccountId": "6fai15e66akm2an99",
  "recipientChannelAccountName": "Bot",
  "conversationId": "2jkdee68305cg",
  "text": "game"
} 
2017-12-01 18:55:15.7440||Chatbot102.MessagesController|INFO|{
  "id": "72c3i8hg9nni",
  "type": "message",
  "textFormat": "plain",
  "serviceUrl": "http://localhost:46322",
  "channelId": "emulator",
  "locale": "en-GB",
  "fromChannelAccountId": "default-user",
  "fromChannelAccountName": "User",
  "recipientChannelAccountId": "6fai15e66akm2an99",
  "recipientChannelAccountName": "Bot",
  "conversationId": "2jkdee68305cg",
  "text": "NO"
} 
2017-12-01 18:56:23.4244||Chatbot102.MessagesController|INFO|{
  "id": "24hh34mfl624",
  "type": "message",
  "textFormat": "plain",
  "serviceUrl": "http://localhost:46322",
  "channelId": "emulator",
  "locale": "en-GB",
  "fromChannelAccountId": "default-user",
  "fromChannelAccountName": "User",
  "recipientChannelAccountId": "6fai15e66akm2an99",
  "recipientChannelAccountName": "Bot",
  "conversationId": "n91e9n5cb1b3",
  "text": "game"
} 
2017-12-01 18:56:23.4244||Chatbot102.MessagesController|INFO|{
  "id": "31kdilkigcg",
  "type": "conversationUpdate",
  "serviceUrl": "http://localhost:46322",
  "channelId": "emulator",
  "fromChannelAccountId": "default-user",
  "fromChannelAccountName": "User",
  "recipientChannelAccountId": "6fai15e66akm2an99",
  "recipientChannelAccountName": "Bot",
  "conversationId": "n91e9n5cb1b3"
} 
2017-12-01 18:56:23.4244||Chatbot102.MessagesController|INFO|{
  "id": "2hbblml0ki6ei",
  "type": "conversationUpdate",
  "serviceUrl": "http://localhost:46322",
  "channelId": "emulator",
  "fromChannelAccountId": "default-user",
  "fromChannelAccountName": "User",
  "recipientChannelAccountId": "6fai15e66akm2an99",
  "recipientChannelAccountName": "Bot",
  "conversationId": "n91e9n5cb1b3"
} 
2017-12-01 18:56:26.0213||Chatbot102.MessagesController|INFO|{
  "id": "97ccejidk0gd",
  "type": "message",
  "textFormat": "plain",
  "serviceUrl": "http://localhost:46322",
  "channelId": "emulator",
  "locale": "en-GB",
  "fromChannelAccountId": "default-user",
  "fromChannelAccountName": "User",
  "recipientChannelAccountId": "6fai15e66akm2an99",
  "recipientChannelAccountName": "Bot",
  "conversationId": "n91e9n5cb1b3",
  "text": "NO"
} 
2017-12-01 18:56:31.0969||Chatbot102.MessagesController|INFO|{
  "id": "n3cinm7kl2g3",
  "type": "message",
  "textFormat": "plain",
  "serviceUrl": "http://localhost:46322",
  "channelId": "emulator",
  "locale": "en-GB",
  "fromChannelAccountId": "default-user",
  "fromChannelAccountName": "User",
  "recipientChannelAccountId": "6fai15e66akm2an99",
  "recipientChannelAccountName": "Bot",
  "conversationId": "n91e9n5cb1b3",
  "text": "game"
} 
2017-12-01 18:56:33.4676||Chatbot102.MessagesController|INFO|{
  "id": "kd1647in11kl",
  "type": "message",
  "textFormat": "plain",
  "serviceUrl": "http://localhost:46322",
  "channelId": "emulator",
  "locale": "en-GB",
  "fromChannelAccountId": "default-user",
  "fromChannelAccountName": "User",
  "recipientChannelAccountId": "6fai15e66akm2an99",
  "recipientChannelAccountName": "Bot",
  "conversationId": "n91e9n5cb1b3",
  "text": "YES"
} 
2017-12-01 18:56:35.9214||Chatbot102.MessagesController|INFO|{
  "id": "b726e7fdela6",
  "type": "message",
  "textFormat": "plain",
  "serviceUrl": "http://localhost:46322",
  "channelId": "emulator",
  "locale": "en-GB",
  "fromChannelAccountId": "default-user",
  "fromChannelAccountName": "User",
  "recipientChannelAccountId": "6fai15e66akm2an99",
  "recipientChannelAccountName": "Bot",
  "conversationId": "n91e9n5cb1b3",
  "text": "SCISSORS"
} 
